TN:
SF:src/modules/User/services/CreateUserService.ts
FN:16,CreateUserService
FN:21,Object.<anonymous>.CreateUserService.execute
FNF:2
FNH:2
FNDA:3,CreateUserService
FNDA:4,Object.<anonymous>.CreateUserService.execute
DA:1,1
DA:2,1
DA:3,1
DA:4,1
DA:5,1
DA:6,1
DA:7,1
DA:8,1
DA:9,1
DA:10,1
DA:11,1
DA:12,1
DA:13,1
DA:14,1
DA:15,1
DA:16,1
DA:17,3
DA:18,3
DA:19,3
DA:20,1
DA:21,1
DA:22,4
DA:23,4
DA:24,4
DA:25,4
DA:26,2
DA:27,2
DA:28,2
DA:29,2
DA:30,2
DA:31,2
DA:32,2
DA:33,4
DA:34,4
DA:35,4
DA:36,1
LF:36
LH:36
BRDA:15,0,0,1
BRDA:16,1,0,3
BRDA:21,2,0,4
BRDA:22,3,0,4
BRDA:25,4,0,3
BRDA:25,5,0,2
BRF:6
BRH:6
end_of_record
